<?xml version="1.0" encoding="UTF-8"?>
<testsuite xmlns:xsi="http://www.w3.org/2001/XMLSchema-instance" xsi:noNamespaceSchemaLocation="https://maven.apache.org/surefire/maven-surefire-plugin/xsd/surefire-test-report-3.0.xsd" version="3.0" name="com.udacity.catpoint.security.service.SecurityServiceTest" time="0.853" tests="12" errors="0" skipped="0" failures="0">
  <properties>
[...]
</properties>
  <testcase name="checkIf_armedAlarmAndActivatedSensor_setAlarmStatsToPENDING_ALARM" classname="com.udacity.catpoint.security.service.SecurityServiceTest" time="0.643"/>
  <testcase name="checkIf_disarmedSystem_setAlarmStatusToNOALARM" classname="com.udacity.catpoint.security.service.SecurityServiceTest" time="0.002"/>
  <testcase name="checkIf_armedSystem_setAllSensorsToInactive(ArmingStatus)[1]" classname="com.udacity.catpoint.security.service.SecurityServiceTest" time="0.021"/>
  <testcase name="checkIf_armedSystem_setAllSensorsToInactive(ArmingStatus)[2]" classname="com.udacity.catpoint.security.service.SecurityServiceTest" time="0.004"/>
  <testcase name="checkIf_armedSystem_setAllSensorsToInactive(ArmingStatus)[3]" classname="com.udacity.catpoint.security.service.SecurityServiceTest" time="0.002"/>
  <testcase name="checkIf_alarmArmedAndActivatedSensorAndPendingAlarmSystem_setAlarmStatusToALARM" classname="com.udacity.catpoint.security.service.SecurityServiceTest" time="0.003"/>
  <testcase name="checkIf_armedHomeAndCatDetected_setAlarmToALARM" classname="com.udacity.catpoint.security.service.SecurityServiceTest" time="0.122"/>
  <testcase name="checkIf_activateAlreadyActivateSensorAndAlarmStatusPending_setAlarmStateToALARM" classname="com.udacity.catpoint.security.service.SecurityServiceTest" time="0.003"/>
  <testcase name="checkIf_nonCatImageDetectedAndSensorsNotActive_setAlarmStatusToNOALARM" classname="com.udacity.catpoint.security.service.SecurityServiceTest" time="0.004"/>
  <testcase name="checkIf_armedHomeAndCatIdentified_setAlarmStatusIntoALARM" classname="com.udacity.catpoint.security.service.SecurityServiceTest" time="0.002"/>
  <testcase name="checkIf_alarmStatusPendingAndSensorsInactive_setAlarmStatusToNO_ALARM" classname="com.udacity.catpoint.security.service.SecurityServiceTest" time="0.002"/>
  <testcase name="checkIf_activeAlarmAndChangeSensorActivationStatus_noChangeToAlarmState" classname="com.udacity.catpoint.security.service.SecurityServiceTest" time="0.002"/>
</testsuite>